<?xml version="1.0" encoding="utf-8"?><testsuites name="pytest tests"><testsuite name="pytest" errors="0" failures="0" skipped="0" tests="35" time="11.800" timestamp="2026-06-10T22:57:34.648141+00:00" hostname="agent-env-57fd9233-8801-4179-be7a-501804bf0881"><testcase classname="backend.tests.test_security_engine.TestTraining" name="test_train_baseline_with_8_samples" time="0.550" /><testcase classname="backend.tests.test_security_engine.TestTraining" name="test_status_after_training" time="0.060" /><testcase classname="backend.tests.test_security_engine.TestTraining" name="test_telemetry_rejects_empty_features" time="0.054" /><testcase classname="backend.tests.test_security_engine.TestScoring" name="test_score_owner_high_trust" time="0.063" /><testcase classname="backend.tests.test_security_engine.TestScoring" name="test_score_is_deterministic" time="0.114" /><testcase classname="backend.tests.test_security_engine.TestScoring" name="test_score_intruder_low_trust_and_trap" time="0.104" /><testcase classname="backend.tests.test_security_engine.TestScoring" name="test_intruder_logs_critical_event" time="0.052" /><testcase classname="backend.tests.test_security_engine.TestRecovery" name="test_lock" time="0.126" /><testcase classname="backend.tests.test_security_engine.TestRecovery" name="test_wipe_without_owner_code_403" time="0.051" /><testcase classname="backend.tests.test_security_engine.TestRecovery" name="test_wipe_with_code_but_no_confirm_400" time="0.046" /><testcase classname="backend.tests.test_security_engine.TestRecovery" name="test_wipe_with_code_and_confirm" time="0.130" /><testcase classname="backend.tests.test_security_engine.TestRecovery" name="test_unlock_with_owner_code" time="0.107" /><testcase classname="backend.tests.test_security_engine.TestRecovery" name="test_unlock_wrong_code_403" time="0.048" /><testcase classname="backend.tests.test_security_engine.TestLocate" name="test_locate_stores_location" time="0.057" /><testcase classname="backend.tests.test_security_engine.TestLocate" name="test_get_location" time="0.061" /><testcase classname="backend.tests.test_security_engine.TestTrap" name="test_trap_deactivate_wrong_code_403" time="0.057" /><testcase classname="backend.tests.test_security_engine.TestTrap" name="test_trap_activate_and_deactivate" time="0.373" /><testcase classname="backend.tests.test_security_escalation.TestTrapEscalation" name="test_level1_first_intruder_score" time="0.696" /><testcase classname="backend.tests.test_security_escalation.TestTrapEscalation" name="test_level2_second_intruder_score" time="0.157" /><testcase classname="backend.tests.test_security_escalation.TestTrapEscalation" name="test_level3_third_intruder_score_locks_device" time="0.171" /><testcase classname="backend.tests.test_security_escalation.TestTrapEscalation" name="test_owner_score_resets_streak" time="0.056" /><testcase classname="backend.tests.test_security_escalation.TestEvidencePhoto" name="test_post_photo_creates_event" time="0.233" /><testcase classname="backend.tests.test_security_escalation.TestPanic" name="test_panic_locks_and_alerts" time="0.470" /><testcase classname="backend.tests.test_security_escalation.TestAlerts" name="test_alerts_shape" time="3.006" /><testcase classname="backend.tests.test_security_expanded.TestExpandedTraining" name="test_status_shows_trained_after_full_features" time="1.698" /><testcase classname="backend.tests.test_security_expanded.TestExpandedScoring" name="test_owner_score_includes_new_signals" time="0.055" /><testcase classname="backend.tests.test_security_expanded.TestExpandedScoring" name="test_score_is_deterministic_with_habits" time="0.101" /><testcase classname="backend.tests.test_security_expanded.TestExpandedScoring" name="test_intruder_far_location_unfamiliar_screen_low_trust" time="0.116" /><testcase classname="backend.tests.test_security_expanded.TestStdFloorRobustness" name="test_identical_samples_still_score_owner_high" time="0.991" /><testcase classname="backend.tests.test_security_expanded.TestInvisibleTrap" name="test_l2_detail_mentions_silent_capture" time="0.854" /><testcase classname="backend.tests.test_security_expanded.TestDeviceChange" name="test_network_change_creates_event_no_alert" time="0.338" /><testcase classname="backend.tests.test_security_expanded.TestDeviceChange" name="test_sim_change_creates_event_and_alert" time="0.239" /><testcase classname="backend.tests.test_security_expanded.TestRegressionGuards" name="test_wipe_requires_owner_code" time="0.057" /><testcase classname="backend.tests.test_security_expanded.TestRegressionGuards" name="test_wipe_requires_confirm" time="0.054" /><testcase classname="backend.tests.test_security_expanded.TestRegressionGuards" name="test_trap_deactivate_requires_owner_code" time="0.338" /></testsuite></testsuites>