<?xml version="1.0" encoding="utf-8"?><testsuites name="pytest tests"><testsuite name="pytest" errors="0" failures="0" skipped="0" tests="64" time="34.574" timestamp="2026-06-11T02:46:11.524899+00:00" hostname="agent-env-57fd9233-8801-4179-be7a-501804bf0881"><testcase classname="backend.tests.test_security_engine.TestTraining" name="test_train_baseline_with_8_samples" time="2.727" /><testcase classname="backend.tests.test_security_engine.TestTraining" name="test_status_after_training" time="0.056" /><testcase classname="backend.tests.test_security_engine.TestTraining" name="test_telemetry_rejects_empty_features" time="0.050" /><testcase classname="backend.tests.test_security_engine.TestScoring" name="test_score_owner_high_trust" time="0.052" /><testcase classname="backend.tests.test_security_engine.TestScoring" name="test_score_is_deterministic" time="0.110" /><testcase classname="backend.tests.test_security_engine.TestScoring" name="test_score_intruder_low_trust_and_trap" time="0.104" /><testcase classname="backend.tests.test_security_engine.TestScoring" name="test_intruder_logs_critical_event" time="0.051" /><testcase classname="backend.tests.test_security_engine.TestRecovery" name="test_lock" time="0.101" /><testcase classname="backend.tests.test_security_engine.TestRecovery" name="test_wipe_without_owner_code_403" time="0.053" /><testcase classname="backend.tests.test_security_engine.TestRecovery" name="test_wipe_with_code_but_no_confirm_400" time="0.282" /><testcase classname="backend.tests.test_security_engine.TestRecovery" name="test_wipe_with_code_and_confirm" time="0.334" /><testcase classname="backend.tests.test_security_engine.TestRecovery" name="test_unlock_with_owner_code" time="0.338" /><testcase classname="backend.tests.test_security_engine.TestRecovery" name="test_unlock_wrong_code_403" time="0.284" /><testcase classname="backend.tests.test_security_engine.TestLocate" name="test_locate_stores_location" time="0.052" /><testcase classname="backend.tests.test_security_engine.TestLocate" name="test_get_location" time="0.056" /><testcase classname="backend.tests.test_security_engine.TestTrap" name="test_trap_deactivate_wrong_code_403" time="0.285" /><testcase classname="backend.tests.test_security_engine.TestTrap" name="test_trap_activate_and_deactivate" time="0.627" /><testcase classname="backend.tests.test_security_escalation.TestTrapEscalation" name="test_level1_first_intruder_score" time="0.789" /><testcase classname="backend.tests.test_security_escalation.TestTrapEscalation" name="test_level2_second_intruder_score" time="0.179" /><testcase classname="backend.tests.test_security_escalation.TestTrapEscalation" name="test_level3_third_intruder_score_locks_device" time="0.166" /><testcase classname="backend.tests.test_security_escalation.TestTrapEscalation" name="test_owner_score_resets_streak" time="0.053" /><testcase classname="backend.tests.test_security_escalation.TestEvidencePhoto" name="test_post_photo_creates_event" time="0.256" /><testcase classname="backend.tests.test_security_escalation.TestPanic" name="test_panic_locks_and_alerts" time="0.504" /><testcase classname="backend.tests.test_security_escalation.TestAlerts" name="test_alerts_shape" time="0.517" /><testcase classname="backend.tests.test_security_expanded.TestExpandedTraining" name="test_status_shows_trained_after_full_features" time="0.590" /><testcase classname="backend.tests.test_security_expanded.TestExpandedScoring" name="test_owner_score_includes_new_signals" time="0.052" /><testcase classname="backend.tests.test_security_expanded.TestExpandedScoring" name="test_score_is_deterministic_with_habits" time="0.107" /><testcase classname="backend.tests.test_security_expanded.TestExpandedScoring" name="test_intruder_far_location_unfamiliar_screen_low_trust" time="0.102" /><testcase classname="backend.tests.test_security_expanded.TestStdFloorRobustness" name="test_identical_samples_still_score_owner_high" time="0.787" /><testcase classname="backend.tests.test_security_expanded.TestInvisibleTrap" name="test_l2_detail_mentions_silent_capture" time="0.957" /><testcase classname="backend.tests.test_security_expanded.TestDeviceChange" name="test_network_change_creates_event_no_alert" time="0.358" /><testcase classname="backend.tests.test_security_expanded.TestDeviceChange" name="test_sim_change_creates_event_and_alert" time="0.237" /><testcase classname="backend.tests.test_security_expanded.TestRegressionGuards" name="test_wipe_requires_owner_code" time="0.052" /><testcase classname="backend.tests.test_security_expanded.TestRegressionGuards" name="test_wipe_requires_confirm" time="1.256" /><testcase classname="backend.tests.test_security_expanded.TestRegressionGuards" name="test_trap_deactivate_requires_owner_code" time="0.319" /><testcase classname="backend.tests.test_security_setup_privacy.TestNoDefaults" name="test_fresh_device_not_configured" time="0.276" /><testcase classname="backend.tests.test_security_setup_privacy.TestNoDefaults" name="test_legacy_default_15987_blocked" time="0.281" /><testcase classname="backend.tests.test_security_setup_privacy.TestSetupValidation" name="test_empty_trusted_400" time="0.215" /><testcase classname="backend.tests.test_security_setup_privacy.TestSetupValidation" name="test_short_access_400" time="0.190" /><testcase classname="backend.tests.test_security_setup_privacy.TestSetupValidation" name="test_short_recovery_400" time="0.201" /><testcase classname="backend.tests.test_security_setup_privacy.TestSetupValidation" name="test_short_wipe_400" time="0.190" /><testcase classname="backend.tests.test_security_setup_privacy.TestSetupValidation" name="test_duplicate_codes_400" time="0.206" /><testcase classname="backend.tests.test_security_setup_privacy.TestSetupValidation" name="test_short_phrase_400" time="0.184" /><testcase classname="backend.tests.test_security_setup_privacy.TestSetupValidation" name="test_setup_ok_and_status" time="1.412" /><testcase classname="backend.tests.test_security_setup_privacy.TestVerifyCodes" name="test_access_correct" time="1.495" /><testcase classname="backend.tests.test_security_setup_privacy.TestVerifyCodes" name="test_access_recovery_does_not_open" time="0.282" /><testcase classname="backend.tests.test_security_setup_privacy.TestVerifyCodes" name="test_access_wipe_does_not_open" time="0.280" /><testcase classname="backend.tests.test_security_setup_privacy.TestVerifyCodes" name="test_verify_recovery_correct" time="0.284" /><testcase classname="backend.tests.test_security_setup_privacy.TestVerifyCodes" name="test_verify_recovery_wrong" time="0.411" /><testcase classname="backend.tests.test_security_setup_privacy.TestDestructiveGuarded" name="test_unlock_wipe_code_fails" time="1.499" /><testcase classname="backend.tests.test_security_setup_privacy.TestDestructiveGuarded" name="test_unlock_recovery_code_ok" time="0.293" /><testcase classname="backend.tests.test_security_setup_privacy.TestDestructiveGuarded" name="test_trap_deactivate_recovery_ok" time="0.286" /><testcase classname="backend.tests.test_security_setup_privacy.TestDestructiveGuarded" name="test_emergency_verify_recovery" time="0.288" /><testcase classname="backend.tests.test_security_setup_privacy.TestDestructiveGuarded" name="test_emergency_verify_access_false" time="0.288" /><testcase classname="backend.tests.test_security_setup_privacy.TestDestructiveGuarded" name="test_wipe_requires_wipe_code_recovery_403" time="0.370" /><testcase classname="backend.tests.test_security_setup_privacy.TestDestructiveGuarded" name="test_wipe_access_403" time="0.285" /><testcase classname="backend.tests.test_security_setup_privacy.TestDestructiveGuarded" name="test_wipe_missing_confirm_400" time="0.281" /><testcase classname="backend.tests.test_security_setup_privacy.TestDestructiveGuarded" name="test_wipe_ok" time="0.481" /><testcase classname="backend.tests.test_security_setup_privacy.TestBcryptAtRest" name="test_hashes_are_bcrypt" time="1.467" /><testcase classname="backend.tests.test_security_setup_privacy.TestBatch5Specific" name="test_profiles_add_requires_recovery" time="3.034" /><testcase classname="backend.tests.test_security_setup_privacy.TestBatch5Specific" name="test_recovery_trigger_phrase_pattern_code" time="3.802" /><testcase classname="backend.tests.test_security_setup_privacy.TestBatch5Specific" name="test_evidence_photo_battery" time="1.382" /><testcase classname="backend.tests.test_security_setup_privacy.TestBatch5Specific" name="test_new_device_event_on_first_telemetry" time="0.334" /><testcase classname="backend.tests.test_security_setup_privacy.TestBatch5Specific" name="test_cover_app_stored" time="1.527" /></testsuite></testsuites>