<?xml version="1.0" encoding="utf-8"?><testsuites name="pytest tests"><testsuite name="pytest" errors="0" failures="0" skipped="0" tests="16" time="12.726" timestamp="2026-06-11T11:26:11.045888+00:00" hostname="agent-env-57fd9233-8801-4179-be7a-501804bf0881"><testcase classname="backend.tests.test_security_batch8" name="test_setup_status_reflects_email" time="2.143" /><testcase classname="backend.tests.test_security_batch8" name="test_list_profiles_has_owner" time="0.201" /><testcase classname="backend.tests.test_security_batch8" name="test_add_profile_wrong_recovery_403" time="0.369" /><testcase classname="backend.tests.test_security_batch8" name="test_add_profile_roles" time="1.799" /><testcase classname="backend.tests.test_security_batch8" name="test_remove_profile_owner_blocked" time="0.505" /><testcase classname="backend.tests.test_security_batch8" name="test_remove_profile_wrong_recovery_403" time="0.536" /><testcase classname="backend.tests.test_security_batch8" name="test_remove_profile_success" time="0.505" /><testcase classname="backend.tests.test_security_batch8" name="test_verify_access_returns_role_and_persists" time="0.728" /><testcase classname="backend.tests.test_security_batch8" name="test_verify_access_limited_role" time="0.823" /><testcase classname="backend.tests.test_security_batch8" name="test_verify_access_invalid" time="0.821" /><testcase classname="backend.tests.test_security_batch8" name="test_email_dormant_panic_ok" time="0.133" /><testcase classname="backend.tests.test_security_batch8" name="test_email_dormant_sim_change_ok" time="0.138" /><testcase classname="backend.tests.test_security_batch8" name="test_email_dormant_recovery_trigger_ok" time="0.374" /><testcase classname="backend.tests.test_security_batch8" name="test_email_dormant_call_trigger_ok" time="0.456" /><testcase classname="backend.tests.test_security_batch8" name="test_email_dormant_l3_score_ok" time="2.937" /><testcase classname="backend.tests.test_security_batch8" name="test_cleanup" time="0.131" /></testsuite></testsuites>