<?xml version="1.0" encoding="utf-8"?><testsuites name="pytest tests"><testsuite name="pytest" errors="0" failures="0" skipped="0" tests="11" time="24.621" timestamp="2026-06-11T03:45:53.338923+00:00" hostname="agent-env-57fd9233-8801-4179-be7a-501804bf0881"><testcase classname="backend.tests.test_security_batch6.TestAIInsights" name="test_returns_insights_and_facts" time="5.688" /><testcase classname="backend.tests.test_security_batch6.TestAIInsights" name="test_no_wiretap_claim" time="4.611" /><testcase classname="backend.tests.test_security_batch6.TestAIInsights" name="test_rule_fallback_reflects_untrained_recognition" time="3.720" /><testcase classname="backend.tests.test_security_batch6.TestCallTrigger" name="test_untrusted_number_not_triggered" time="1.384" /><testcase classname="backend.tests.test_security_batch6.TestCallTrigger" name="test_trusted_call_three_in_five_min_triggers" time="1.595" /><testcase classname="backend.tests.test_security_batch6.TestCallTrigger" name="test_backup_number_match_last7_triggers" time="1.470" /><testcase classname="backend.tests.test_security_batch6.TestCallTrigger" name="test_unconfigured_device_404" time="0.049" /><testcase classname="backend.tests.test_security_batch6.TestSetupBackupNumbers" name="test_backup_numbers_stored" time="1.572" /><testcase classname="backend.tests.test_security_batch6.TestSetupBackupNumbers" name="test_setup_status_returns_configuration" time="1.373" /><testcase classname="backend.tests.test_security_batch6.TestSimEscalation" name="test_sim_change_escalates_to_lock_lost_level3" time="1.519" /><testcase classname="backend.tests.test_security_batch6.TestSimEscalation" name="test_network_change_does_not_escalate" time="1.516" /></testsuite></testsuites>