<?xml version="1.0" encoding="utf-8"?><testsuites name="pytest tests"><testsuite name="pytest" errors="0" failures="1" skipped="0" tests="5" time="4.209" timestamp="2026-06-11T04:53:53.382419+00:00" hostname="agent-env-57fd9233-8801-4179-be7a-501804bf0881"><testcase classname="backend.tests.test_security_batch7" name="test_verify_access_stores_last_owner" time="3.191" /><testcase classname="backend.tests.test_security_batch7" name="test_verify_access_invalid_does_not_set_owner" time="0.246" /><testcase classname="backend.tests.test_security_batch7" name="test_status_includes_last_scored_at" time="0.328"><failure message="assert False&#10; +  where False = isinstance(None, str)">backend/tests/test_security_batch7.py:79: in test_status_includes_last_scored_at
    assert isinstance(s["last_scored_at"], str)
E   assert False
E    +  where False = isinstance(None, str)</failure></testcase><testcase classname="backend.tests.test_security_batch7" name="test_status_existing_fields_intact" time="0.159" /><testcase classname="backend.tests.test_security_batch7" name="test_cleanup" time="0.131" /></testsuite></testsuites>