<?xml version="1.0" encoding="utf-8"?><testsuites name="pytest tests"><testsuite name="pytest" errors="0" failures="0" skipped="0" tests="7" time="2.490" timestamp="2026-06-10T21:43:03.749062+00:00" hostname="agent-env-57fd9233-8801-4179-be7a-501804bf0881"><testcase classname="backend.tests.test_security_escalation.TestTrapEscalation" name="test_level1_first_intruder_score" time="0.780" /><testcase classname="backend.tests.test_security_escalation.TestTrapEscalation" name="test_level2_second_intruder_score" time="0.161" /><testcase classname="backend.tests.test_security_escalation.TestTrapEscalation" name="test_level3_third_intruder_score_locks_device" time="0.155" /><testcase classname="backend.tests.test_security_escalation.TestTrapEscalation" name="test_owner_score_resets_streak" time="0.051" /><testcase classname="backend.tests.test_security_escalation.TestEvidencePhoto" name="test_post_photo_creates_event" time="0.250" /><testcase classname="backend.tests.test_security_escalation.TestPanic" name="test_panic_locks_and_alerts" time="0.471" /><testcase classname="backend.tests.test_security_escalation.TestAlerts" name="test_alerts_shape" time="0.536" /></testsuite></testsuites>