<?xml version="1.0" encoding="utf-8"?><testsuites name="pytest tests"><testsuite name="pytest" errors="0" failures="0" skipped="0" tests="11" time="3.980" timestamp="2026-06-10T22:57:24.996469+00:00" hostname="agent-env-57fd9233-8801-4179-be7a-501804bf0881"><testcase classname="backend.tests.test_security_expanded.TestExpandedTraining" name="test_status_shows_trained_after_full_features" time="0.800" /><testcase classname="backend.tests.test_security_expanded.TestExpandedScoring" name="test_owner_score_includes_new_signals" time="0.058" /><testcase classname="backend.tests.test_security_expanded.TestExpandedScoring" name="test_score_is_deterministic_with_habits" time="0.122" /><testcase classname="backend.tests.test_security_expanded.TestExpandedScoring" name="test_intruder_far_location_unfamiliar_screen_low_trust" time="0.133" /><testcase classname="backend.tests.test_security_expanded.TestStdFloorRobustness" name="test_identical_samples_still_score_owner_high" time="0.911" /><testcase classname="backend.tests.test_security_expanded.TestInvisibleTrap" name="test_l2_detail_mentions_silent_capture" time="0.874" /><testcase classname="backend.tests.test_security_expanded.TestDeviceChange" name="test_network_change_creates_event_no_alert" time="0.360" /><testcase classname="backend.tests.test_security_expanded.TestDeviceChange" name="test_sim_change_creates_event_and_alert" time="0.224" /><testcase classname="backend.tests.test_security_expanded.TestRegressionGuards" name="test_wipe_requires_owner_code" time="0.053" /><testcase classname="backend.tests.test_security_expanded.TestRegressionGuards" name="test_wipe_requires_confirm" time="0.052" /><testcase classname="backend.tests.test_security_expanded.TestRegressionGuards" name="test_trap_deactivate_requires_owner_code" time="0.304" /></testsuite></testsuites>