<?xml version="1.0" encoding="utf-8"?><testsuites name="pytest tests"><testsuite name="pytest" errors="0" failures="0" skipped="0" tests="10" time="6.200" timestamp="2026-06-14T12:55:49.720143+00:00" hostname="agent-env-57fd9233-8801-4179-be7a-501804bf0881"><testcase classname="backend.tests.test_family_tracking.TestFamilyParentFlow" name="test_setup_and_create_family" time="3.150" /><testcase classname="backend.tests.test_family_tracking.TestFamilyParentFlow" name="test_parent_status_returns_code" time="0.140" /><testcase classname="backend.tests.test_family_tracking.TestFamilyParentFlow" name="test_parent_members_initially_one" time="0.161" /><testcase classname="backend.tests.test_family_tracking.TestChildJoinAndVisibility" name="test_kid_setup_and_join" time="0.944" /><testcase classname="backend.tests.test_family_tracking.TestChildJoinAndVisibility" name="test_kid_reports_location" time="0.164" /><testcase classname="backend.tests.test_family_tracking.TestChildJoinAndVisibility" name="test_kid_status_is_child" time="0.126" /><testcase classname="backend.tests.test_family_tracking.TestChildJoinAndVisibility" name="test_kid_members_blocked" time="0.132" /><testcase classname="backend.tests.test_family_tracking.TestChildJoinAndVisibility" name="test_parent_sees_kid_with_location" time="0.127" /><testcase classname="backend.tests.test_family_tracking.TestFamilyEdges" name="test_invalid_family_code_returns_404" time="0.845" /><testcase classname="backend.tests.test_family_tracking.TestFamilyEdges" name="test_leave_family_removes_membership" time="0.279" /></testsuite></testsuites>