<?xml version="1.0" encoding="utf-8"?><testsuites name="pytest tests"><testsuite name="pytest" errors="0" failures="0" skipped="0" tests="12" time="8.039" timestamp="2026-06-14T14:32:35.173688+00:00" hostname="agent-env-57fd9233-8801-4179-be7a-501804bf0881"><testcase classname="backend.tests.test_family_tracking.TestFamilyCreateAndJoin" name="test_parent_setup_and_create" time="3.005" /><testcase classname="backend.tests.test_family_tracking.TestFamilyCreateAndJoin" name="test_teen_join" time="0.969" /><testcase classname="backend.tests.test_family_tracking.TestFamilyCreateAndJoin" name="test_child_join" time="1.021" /><testcase classname="backend.tests.test_family_tracking.TestFamilyCreateAndJoin" name="test_invalid_role_falls_back_to_child" time="0.987" /><testcase classname="backend.tests.test_family_tracking.TestParentVisibility" name="test_parent_status" time="0.135" /><testcase classname="backend.tests.test_family_tracking.TestParentVisibility" name="test_parent_sees_all_three_with_locations" time="0.154" /><testcase classname="backend.tests.test_family_tracking.TestTeenVisibility" name="test_teen_status_no_code" time="0.134" /><testcase classname="backend.tests.test_family_tracking.TestTeenVisibility" name="test_teen_members_siblings_with_locations" time="0.125" /><testcase classname="backend.tests.test_family_tracking.TestChildVisibility" name="test_child_status_no_code" time="0.127" /><testcase classname="backend.tests.test_family_tracking.TestChildVisibility" name="test_child_members_siblings_no_locations" time="0.130" /><testcase classname="backend.tests.test_family_tracking.TestFamilyEdges" name="test_invalid_family_code_returns_404" time="0.884" /><testcase classname="backend.tests.test_family_tracking.TestFamilyEdges" name="test_teen_leave_then_not_in_family" time="0.248" /></testsuite></testsuites>