<?xml version="1.0" encoding="utf-8"?><testsuites name="pytest tests"><testsuite name="pytest" errors="0" failures="0" skipped="0" tests="5" time="6.310" timestamp="2026-06-15T00:22:02.586218+00:00" hostname="agent-env-57fd9233-8801-4179-be7a-501804bf0881"><testcase classname="backend.tests.test_decoy_sos_iter16.TestDecoyProfile" name="test_get_unconfigured_returns_defaults" time="2.515" /><testcase classname="backend.tests.test_decoy_sos_iter16.TestDecoyProfile" name="test_post_then_get_returns_configured_custom" time="0.252" /><testcase classname="backend.tests.test_decoy_sos_iter16.TestDecoyProfile" name="test_post_strips_empties_and_overwrites" time="0.454" /><testcase classname="backend.tests.test_decoy_sos_iter16.TestFamilySOS" name="test_sos_sets_lost_mode_and_creates_owner_alert" time="1.119" /><testcase classname="backend.tests.test_decoy_sos_iter16.TestFamilySOS" name="test_parent_sees_member_alerts_unread_bump_after_sibling_sos" time="1.838" /></testsuite></testsuites>