<?xml version="1.0" encoding="utf-8"?><testsuites name="pytest tests"><testsuite name="pytest" errors="0" failures="0" skipped="0" tests="10" time="6.816" timestamp="2026-08-29T20:55:46.715487+00:00" hostname="agent-env-57fd9233-8801-4179-be7a-501804bf0881"><testcase classname="backend.tests.test_iter18_regression" name="test_setup_success" time="0.909" /><testcase classname="backend.tests.test_iter18_regression" name="test_verify_access_correct" time="0.537" /><testcase classname="backend.tests.test_iter18_regression" name="test_verify_access_wrong" time="0.424" /><testcase classname="backend.tests.test_iter18_regression" name="test_family_create_returns_6char_uppercase_code" time="0.173" /><testcase classname="backend.tests.test_iter18_regression" name="test_telemetry_then_status_has_numeric_trust_score" time="0.371" /><testcase classname="backend.tests.test_iter18_regression" name="test_privacy_scan_no_error" time="0.247" /><testcase classname="backend.tests.test_iter18_regression" name="test_ai_insights" time="2.943" /><testcase classname="backend.tests.test_iter18_regression" name="test_vault_add_list_item_delete" time="0.754" /><testcase classname="backend.tests.test_iter18_regression" name="test_intelligence_briefing_no_500" time="0.185" /><testcase classname="backend.tests.test_iter18_regression" name="test_voice_process_no_500" time="0.180" /></testsuite></testsuites>