<?xml version="1.0" encoding="utf-8"?><testsuites name="pytest tests"><testsuite name="pytest" errors="0" failures="0" skipped="0" tests="6" time="6.429" timestamp="2026-09-04T14:06:41.778729+00:00" hostname="agent-env-57fd9233-8801-4179-be7a-501804bf0881"><testcase classname="backend.tests.test_iter24_events_gating" name="test_get_events_without_token_returns_401" time="3.219" /><testcase classname="backend.tests.test_iter24_events_gating" name="test_delete_events_without_token_returns_401" time="0.256" /><testcase classname="backend.tests.test_iter24_events_gating" name="test_post_event_ungated_returns_200" time="0.252" /><testcase classname="backend.tests.test_iter24_events_gating" name="test_get_events_with_token_contains_written_event" time="0.972" /><testcase classname="backend.tests.test_iter24_events_gating" name="test_token_bound_to_device_cross_use_rejected" time="0.839" /><testcase classname="backend.tests.test_iter24_events_gating" name="test_full_lifecycle_post_get_delete_get" time="0.759" /></testsuite></testsuites>