<?xml version="1.0" encoding="utf-8"?><testsuites name="pytest tests"><testsuite name="pytest" errors="0" failures="0" skipped="0" tests="107" time="108.990" timestamp="2026-06-11T15:24:41.867125+00:00" hostname="agent-env-57fd9233-8801-4179-be7a-501804bf0881"><testcase classname="backend.tests.test_security_batch6.TestAIInsights" name="test_returns_insights_and_facts" time="5.251" /><testcase classname="backend.tests.test_security_batch6.TestAIInsights" name="test_no_wiretap_claim" time="3.717" /><testcase classname="backend.tests.test_security_batch6.TestAIInsights" name="test_rule_fallback_reflects_untrained_recognition" time="3.191" /><testcase classname="backend.tests.test_security_batch6.TestCallTrigger" name="test_untrusted_number_not_triggered" time="1.410" /><testcase classname="backend.tests.test_security_batch6.TestCallTrigger" name="test_trusted_call_three_in_five_min_triggers" time="1.643" /><testcase classname="backend.tests.test_security_batch6.TestCallTrigger" name="test_backup_number_match_last7_triggers" time="1.588" /><testcase classname="backend.tests.test_security_batch6.TestCallTrigger" name="test_unconfigured_device_404" time="0.045" /><testcase classname="backend.tests.test_security_batch6.TestSetupBackupNumbers" name="test_backup_numbers_stored" time="1.536" /><testcase classname="backend.tests.test_security_batch6.TestSetupBackupNumbers" name="test_setup_status_returns_configuration" time="1.381" /><testcase classname="backend.tests.test_security_batch6.TestSimEscalation" name="test_sim_change_escalates_to_lock_lost_level3" time="1.549" /><testcase classname="backend.tests.test_security_batch6.TestSimEscalation" name="test_network_change_does_not_escalate" time="1.531" /><testcase classname="backend.tests.test_security_batch7" name="test_verify_access_stores_last_owner" time="1.658" /><testcase classname="backend.tests.test_security_batch7" name="test_verify_access_invalid_does_not_set_owner" time="0.271" /><testcase classname="backend.tests.test_security_batch7" name="test_status_includes_last_scored_at" time="1.608" /><testcase classname="backend.tests.test_security_batch7" name="test_status_existing_fields_intact" time="0.140" /><testcase classname="backend.tests.test_security_batch7" name="test_cleanup" time="0.130" /><testcase classname="backend.tests.test_security_batch8" name="test_setup_status_reflects_email" time="1.185" /><testcase classname="backend.tests.test_security_batch8" name="test_list_profiles_has_owner" time="0.130" /><testcase classname="backend.tests.test_security_batch8" name="test_add_profile_wrong_recovery_403" time="0.372" /><testcase classname="backend.tests.test_security_batch8" name="test_add_profile_roles" time="4.614" /><testcase classname="backend.tests.test_security_batch8" name="test_remove_profile_owner_blocked" time="0.495" /><testcase classname="backend.tests.test_security_batch8" name="test_remove_profile_wrong_recovery_403" time="0.500" /><testcase classname="backend.tests.test_security_batch8" name="test_remove_profile_success" time="0.487" /><testcase classname="backend.tests.test_security_batch8" name="test_verify_access_returns_role_and_persists" time="0.763" /><testcase classname="backend.tests.test_security_batch8" name="test_verify_access_limited_role" time="0.823" /><testcase classname="backend.tests.test_security_batch8" name="test_verify_access_invalid" time="0.820" /><testcase classname="backend.tests.test_security_batch8" name="test_email_dormant_panic_ok" time="0.138" /><testcase classname="backend.tests.test_security_batch8" name="test_email_dormant_sim_change_ok" time="0.127" /><testcase classname="backend.tests.test_security_batch8" name="test_email_dormant_recovery_trigger_ok" time="0.382" /><testcase classname="backend.tests.test_security_batch8" name="test_email_dormant_call_trigger_ok" time="0.426" /><testcase classname="backend.tests.test_security_batch8" name="test_email_dormant_l3_score_ok" time="2.932" /><testcase classname="backend.tests.test_security_batch8" name="test_cleanup" time="0.133" /><testcase classname="backend.tests.test_security_batch9.TestAdditiveTrustModel" name="test_family_member_with_pin_and_known_device_stays_owner" time="1.560" /><testcase classname="backend.tests.test_security_batch9.TestAdditiveTrustModel" name="test_signals_dict_exposes_new_factor_keys" time="0.310" /><testcase classname="backend.tests.test_security_batch9.TestThiefEscalation" name="test_thief_first_reading_trap_level_2" time="1.501" /><testcase classname="backend.tests.test_security_batch9.TestThiefEscalation" name="test_thief_second_reading_trap_level_3_locks_device" time="0.105" /><testcase classname="backend.tests.test_security_batch9.TestThiefEscalation" name="test_owner_reading_resets_to_level_0" time="0.367" /><testcase classname="backend.tests.test_security_batch9.TestDeterminismAndLearning" name="test_score_is_deterministic" time="1.837" /><testcase classname="backend.tests.test_security_batch9.TestDeterminismAndLearning" name="test_untrained_device_returns_learning_trust_1" time="0.047" /><testcase classname="backend.tests.test_security_batch9.TestConfigurableCallTrigger" name="test_count_2_triggers_on_second_call" time="1.268" /><testcase classname="backend.tests.test_security_batch9.TestConfigurableCallTrigger" name="test_count_5_does_not_trigger_on_second_call" time="1.247" /><testcase classname="backend.tests.test_security_batch9.TestConfigurableCallTrigger" name="test_untrusted_number_never_triggers" time="1.347" /><testcase classname="backend.tests.test_security_batch9.TestSetupStatusPersistence" name="test_setup_status_returns_persisted_config" time="1.030" /><testcase classname="backend.tests.test_security_engine.TestTraining" name="test_train_baseline_with_8_samples" time="1.617" /><testcase classname="backend.tests.test_security_engine.TestTraining" name="test_status_after_training" time="0.057" /><testcase classname="backend.tests.test_security_engine.TestTraining" name="test_telemetry_rejects_empty_features" time="0.048" /><testcase classname="backend.tests.test_security_engine.TestScoring" name="test_score_owner_high_trust" time="0.052" /><testcase classname="backend.tests.test_security_engine.TestScoring" name="test_score_is_deterministic" time="0.103" /><testcase classname="backend.tests.test_security_engine.TestScoring" name="test_score_intruder_low_trust_and_trap" time="0.110" /><testcase classname="backend.tests.test_security_engine.TestScoring" name="test_intruder_logs_critical_event" time="0.048" /><testcase classname="backend.tests.test_security_engine.TestRecovery" name="test_lock" time="0.112" /><testcase classname="backend.tests.test_security_engine.TestRecovery" name="test_wipe_without_owner_code_403" time="0.046" /><testcase classname="backend.tests.test_security_engine.TestRecovery" name="test_wipe_with_code_but_no_confirm_400" time="0.303" /><testcase classname="backend.tests.test_security_engine.TestRecovery" name="test_wipe_with_code_and_confirm" time="0.391" /><testcase classname="backend.tests.test_security_engine.TestRecovery" name="test_unlock_with_owner_code" time="0.337" /><testcase classname="backend.tests.test_security_engine.TestRecovery" name="test_unlock_wrong_code_403" time="0.283" /><testcase classname="backend.tests.test_security_engine.TestLocate" name="test_locate_stores_location" time="0.061" /><testcase classname="backend.tests.test_security_engine.TestLocate" name="test_get_location" time="0.047" /><testcase classname="backend.tests.test_security_engine.TestTrap" name="test_trap_deactivate_wrong_code_403" time="0.284" /><testcase classname="backend.tests.test_security_engine.TestTrap" name="test_trap_activate_and_deactivate" time="0.598" /><testcase classname="backend.tests.test_security_escalation.TestTrapEscalation" name="test_level1_first_intruder_score" time="0.718" /><testcase classname="backend.tests.test_security_escalation.TestTrapEscalation" name="test_level2_second_intruder_score" time="0.173" /><testcase classname="backend.tests.test_security_escalation.TestTrapEscalation" name="test_level3_third_intruder_score_locks_device" time="0.158" /><testcase classname="backend.tests.test_security_escalation.TestTrapEscalation" name="test_owner_score_resets_streak" time="0.049" /><testcase classname="backend.tests.test_security_escalation.TestEvidencePhoto" name="test_post_photo_creates_event" time="0.282" /><testcase classname="backend.tests.test_security_escalation.TestPanic" name="test_panic_locks_and_alerts" time="0.432" /><testcase classname="backend.tests.test_security_escalation.TestAlerts" name="test_alerts_shape" time="0.489" /><testcase classname="backend.tests.test_security_expanded.TestExpandedTraining" name="test_status_shows_trained_after_full_features" time="0.543" /><testcase classname="backend.tests.test_security_expanded.TestExpandedScoring" name="test_owner_score_includes_new_signals" time="0.051" /><testcase classname="backend.tests.test_security_expanded.TestExpandedScoring" name="test_score_is_deterministic_with_habits" time="0.097" /><testcase classname="backend.tests.test_security_expanded.TestExpandedScoring" name="test_intruder_far_location_unfamiliar_screen_low_trust" time="0.108" /><testcase classname="backend.tests.test_security_expanded.TestStdFloorRobustness" name="test_identical_samples_still_score_owner_high" time="0.732" /><testcase classname="backend.tests.test_security_expanded.TestInvisibleTrap" name="test_l2_detail_mentions_silent_capture" time="0.818" /><testcase classname="backend.tests.test_security_expanded.TestDeviceChange" name="test_network_change_creates_event_no_alert" time="0.321" /><testcase classname="backend.tests.test_security_expanded.TestDeviceChange" name="test_sim_change_creates_event_and_alert" time="0.235" /><testcase classname="backend.tests.test_security_expanded.TestRegressionGuards" name="test_wipe_requires_owner_code" time="0.070" /><testcase classname="backend.tests.test_security_expanded.TestRegressionGuards" name="test_wipe_requires_confirm" time="1.261" /><testcase classname="backend.tests.test_security_expanded.TestRegressionGuards" name="test_trap_deactivate_requires_owner_code" time="0.358" /><testcase classname="backend.tests.test_security_setup_privacy.TestNoDefaults" name="test_fresh_device_not_configured" time="0.249" /><testcase classname="backend.tests.test_security_setup_privacy.TestNoDefaults" name="test_legacy_default_15987_blocked" time="0.238" /><testcase classname="backend.tests.test_security_setup_privacy.TestSetupValidation" name="test_empty_trusted_400" time="0.174" /><testcase classname="backend.tests.test_security_setup_privacy.TestSetupValidation" name="test_short_access_400" time="0.174" /><testcase classname="backend.tests.test_security_setup_privacy.TestSetupValidation" name="test_short_recovery_400" time="0.182" /><testcase classname="backend.tests.test_security_setup_privacy.TestSetupValidation" name="test_short_wipe_400" time="0.181" /><testcase classname="backend.tests.test_security_setup_privacy.TestSetupValidation" name="test_duplicate_codes_400" time="0.175" /><testcase classname="backend.tests.test_security_setup_privacy.TestSetupValidation" name="test_short_phrase_400" time="0.178" /><testcase classname="backend.tests.test_security_setup_privacy.TestSetupValidation" name="test_setup_ok_and_status" time="1.380" /><testcase classname="backend.tests.test_security_setup_privacy.TestVerifyCodes" name="test_access_correct" time="1.491" /><testcase classname="backend.tests.test_security_setup_privacy.TestVerifyCodes" name="test_access_recovery_does_not_open" time="0.285" /><testcase classname="backend.tests.test_security_setup_privacy.TestVerifyCodes" name="test_access_wipe_does_not_open" time="0.276" /><testcase classname="backend.tests.test_security_setup_privacy.TestVerifyCodes" name="test_verify_recovery_correct" time="0.283" /><testcase classname="backend.tests.test_security_setup_privacy.TestVerifyCodes" name="test_verify_recovery_wrong" time="0.454" /><testcase classname="backend.tests.test_security_setup_privacy.TestDestructiveGuarded" name="test_unlock_wipe_code_fails" time="1.483" /><testcase classname="backend.tests.test_security_setup_privacy.TestDestructiveGuarded" name="test_unlock_recovery_code_ok" time="0.278" /><testcase classname="backend.tests.test_security_setup_privacy.TestDestructiveGuarded" name="test_trap_deactivate_recovery_ok" time="0.281" /><testcase classname="backend.tests.test_security_setup_privacy.TestDestructiveGuarded" name="test_emergency_verify_recovery" time="0.287" /><testcase classname="backend.tests.test_security_setup_privacy.TestDestructiveGuarded" name="test_emergency_verify_access_false" time="0.278" /><testcase classname="backend.tests.test_security_setup_privacy.TestDestructiveGuarded" name="test_wipe_requires_wipe_code_recovery_403" time="0.279" /><testcase classname="backend.tests.test_security_setup_privacy.TestDestructiveGuarded" name="test_wipe_access_403" time="0.277" /><testcase classname="backend.tests.test_security_setup_privacy.TestDestructiveGuarded" name="test_wipe_missing_confirm_400" time="0.276" /><testcase classname="backend.tests.test_security_setup_privacy.TestDestructiveGuarded" name="test_wipe_ok" time="0.415" /><testcase classname="backend.tests.test_security_setup_privacy.TestBcryptAtRest" name="test_hashes_are_bcrypt" time="1.375" /><testcase classname="backend.tests.test_security_setup_privacy.TestBatch5Specific" name="test_profiles_add_requires_recovery" time="3.666" /><testcase classname="backend.tests.test_security_setup_privacy.TestBatch5Specific" name="test_recovery_trigger_phrase_pattern_code" time="23.652" /><testcase classname="backend.tests.test_security_setup_privacy.TestBatch5Specific" name="test_evidence_photo_battery" time="3.588" /><testcase classname="backend.tests.test_security_setup_privacy.TestBatch5Specific" name="test_new_device_event_on_first_telemetry" time="2.350" /><testcase classname="backend.tests.test_security_setup_privacy.TestBatch5Specific" name="test_cover_app_stored" time="1.487" /></testsuite></testsuites>