<?xml version="1.0" encoding="utf-8"?><testsuites name="pytest tests"><testsuite name="pytest" errors="0" failures="0" skipped="0" tests="12" time="13.221" timestamp="2026-08-29T20:55:29.304633+00:00" hostname="agent-env-57fd9233-8801-4179-be7a-501804bf0881"><testcase classname="backend.tests.test_sec001_wipe_neutralized" name="test_sec001_execute_complete_returns_410_with_confirmation_string" time="2.079" /><testcase classname="backend.tests.test_sec001_wipe_neutralized" name="test_sec001_execute_complete_returns_410_empty_body" time="0.239" /><testcase classname="backend.tests.test_sec001_wipe_neutralized" name="test_sec001_execute_complete_does_not_delete_data" time="1.891" /><testcase classname="backend.tests.test_sec001_wipe_neutralized" name="test_recovery_wipe_requires_owner_code" time="1.327" /><testcase classname="backend.tests.test_sec001_wipe_neutralized" name="test_recovery_wipe_requires_confirm_flag" time="1.292" /><testcase classname="backend.tests.test_sec001_wipe_neutralized" name="test_recovery_wipe_is_device_scoped" time="2.951" /><testcase classname="backend.tests.test_sec001_wipe_neutralized" name="test_verify_access_correct" time="1.340" /><testcase classname="backend.tests.test_sec001_wipe_neutralized" name="test_verify_access_wrong" time="0.481" /><testcase classname="backend.tests.test_sec001_wipe_neutralized" name="test_telemetry_and_status" time="0.371" /><testcase classname="backend.tests.test_sec001_wipe_neutralized" name="test_status_reachability_general" time="0.195" /><testcase classname="backend.tests.test_sec001_wipe_neutralized" name="test_vault_round_trip" time="0.709" /><testcase classname="backend.tests.test_sec001_wipe_neutralized" name="test_family_create_returns_6char_code" time="0.188" /></testsuite></testsuites>