<?xml version="1.0" encoding="utf-8"?><testsuites name="pytest tests"><testsuite name="pytest" errors="0" failures="0" skipped="0" tests="49" time="21.471" timestamp="2026-09-03T10:47:33.760079+00:00" hostname="agent-env-57fd9233-8801-4179-be7a-501804bf0881"><testcase classname="backend.tests.test_iter23_sec002_complete.TestNewlyGatedNoToken" name="test_no_token_401[GET-/status-params0-None]" time="2.705" /><testcase classname="backend.tests.test_iter23_sec002_complete.TestNewlyGatedNoToken" name="test_no_token_401[GET-/alerts-params1-None]" time="0.150" /><testcase classname="backend.tests.test_iter23_sec002_complete.TestNewlyGatedNoToken" name="test_no_token_401[GET-/profiles-params2-None]" time="0.172" /><testcase classname="backend.tests.test_iter23_sec002_complete.TestNewlyGatedNoToken" name="test_no_token_401[GET-/family/members-params3-None]" time="0.160" /><testcase classname="backend.tests.test_iter23_sec002_complete.TestNewlyGatedNoToken" name="test_no_token_401[POST-/ai-insights-None-body4]" time="0.148" /><testcase classname="backend.tests.test_iter23_sec002_complete.TestNewlyGatedNoToken" name="test_no_token_401[POST-/baseline/reset-None-body5]" time="0.157" /><testcase classname="backend.tests.test_iter23_sec002_complete.TestNewlyGatedNoToken" name="test_no_token_401[POST-/panic-None-body6]" time="0.168" /><testcase classname="backend.tests.test_iter23_sec002_complete.TestNewlyGatedNoToken" name="test_no_token_401[POST-/recovery/lock-None-body7]" time="0.158" /><testcase classname="backend.tests.test_iter23_sec002_complete.TestNewlyGatedNoToken" name="test_bad_token_401[GET-/status-params0-None]" time="0.156" /><testcase classname="backend.tests.test_iter23_sec002_complete.TestNewlyGatedNoToken" name="test_bad_token_401[GET-/alerts-params1-None]" time="0.169" /><testcase classname="backend.tests.test_iter23_sec002_complete.TestNewlyGatedNoToken" name="test_bad_token_401[GET-/profiles-params2-None]" time="0.156" /><testcase classname="backend.tests.test_iter23_sec002_complete.TestNewlyGatedNoToken" name="test_bad_token_401[GET-/family/members-params3-None]" time="0.179" /><testcase classname="backend.tests.test_iter23_sec002_complete.TestNewlyGatedNoToken" name="test_bad_token_401[POST-/ai-insights-None-body4]" time="0.132" /><testcase classname="backend.tests.test_iter23_sec002_complete.TestNewlyGatedNoToken" name="test_bad_token_401[POST-/baseline/reset-None-body5]" time="0.156" /><testcase classname="backend.tests.test_iter23_sec002_complete.TestNewlyGatedNoToken" name="test_bad_token_401[POST-/panic-None-body6]" time="0.883" /><testcase classname="backend.tests.test_iter23_sec002_complete.TestNewlyGatedNoToken" name="test_bad_token_401[POST-/recovery/lock-None-body7]" time="0.157" /><testcase classname="backend.tests.test_iter23_sec002_complete.TestNewlyGatedValidToken" name="test_valid_token_not_401[GET-/status-params0-None]" time="0.546" /><testcase classname="backend.tests.test_iter23_sec002_complete.TestNewlyGatedValidToken" name="test_valid_token_not_401[GET-/alerts-params1-None]" time="0.158" /><testcase classname="backend.tests.test_iter23_sec002_complete.TestNewlyGatedValidToken" name="test_valid_token_not_401[GET-/profiles-params2-None]" time="0.145" /><testcase classname="backend.tests.test_iter23_sec002_complete.TestNewlyGatedValidToken" name="test_valid_token_not_401[GET-/family/members-params3-None]" time="0.145" /><testcase classname="backend.tests.test_iter23_sec002_complete.TestNewlyGatedValidToken" name="test_valid_token_not_401[POST-/ai-insights-None-body4]" time="2.896" /><testcase classname="backend.tests.test_iter23_sec002_complete.TestNewlyGatedValidToken" name="test_valid_token_not_401[POST-/baseline/reset-None-body5]" time="0.139" /><testcase classname="backend.tests.test_iter23_sec002_complete.TestNewlyGatedValidToken" name="test_valid_token_not_401[POST-/panic-None-body6]" time="0.374" /><testcase classname="backend.tests.test_iter23_sec002_complete.TestNewlyGatedValidToken" name="test_valid_token_not_401[POST-/recovery/lock-None-body7]" time="0.220" /><testcase classname="backend.tests.test_iter23_sec002_complete.TestCrossDeviceRejectionNewGated" name="test_token_a_on_device_b[GET-/status-params0-None]" time="1.046" /><testcase classname="backend.tests.test_iter23_sec002_complete.TestCrossDeviceRejectionNewGated" name="test_token_a_on_device_b[GET-/alerts-params1-None]" time="0.146" /><testcase classname="backend.tests.test_iter23_sec002_complete.TestCrossDeviceRejectionNewGated" name="test_token_a_on_device_b[GET-/profiles-params2-None]" time="0.237" /><testcase classname="backend.tests.test_iter23_sec002_complete.TestCrossDeviceRejectionNewGated" name="test_token_a_on_device_b[GET-/family/members-params3-None]" time="0.138" /><testcase classname="backend.tests.test_iter23_sec002_complete.TestCrossDeviceRejectionNewGated" name="test_token_a_on_device_b[POST-/ai-insights-None-body4]" time="0.158" /><testcase classname="backend.tests.test_iter23_sec002_complete.TestCrossDeviceRejectionNewGated" name="test_token_a_on_device_b[POST-/baseline/reset-None-body5]" time="0.217" /><testcase classname="backend.tests.test_iter23_sec002_complete.TestCrossDeviceRejectionNewGated" name="test_token_a_on_device_b[POST-/panic-None-body6]" time="0.166" /><testcase classname="backend.tests.test_iter23_sec002_complete.TestCrossDeviceRejectionNewGated" name="test_token_a_on_device_b[POST-/recovery/lock-None-body7]" time="0.158" /><testcase classname="backend.tests.test_iter23_sec002_complete.TestSetupStatusPIIGating" name="test_no_token_returns_flags_only" time="0.159" /><testcase classname="backend.tests.test_iter23_sec002_complete.TestSetupStatusPIIGating" name="test_with_token_returns_pii" time="0.175" /><testcase classname="backend.tests.test_iter23_sec002_complete.TestSetupStatusPIIGating" name="test_wrong_token_returns_flags_only" time="0.167" /><testcase classname="backend.tests.test_iter23_sec002_complete.TestSetupStatusPIIGating" name="test_cross_device_token_returns_flags_only" time="0.565" /><testcase classname="backend.tests.test_iter23_sec002_complete.TestLegacyShadowAuthDisabled" name="test_auth_pattern_returns_410" time="0.152" /><testcase classname="backend.tests.test_iter23_sec002_complete.TestSessionRevocationOnWipe" name="test_wipe_clears_sessions" time="2.207" /><testcase classname="backend.tests.test_iter23_sec002_complete.TestRegressionUngated" name="test_setup_status_no_token_open" time="0.167" /><testcase classname="backend.tests.test_iter23_sec002_complete.TestRegressionUngated" name="test_telemetry_open" time="0.176" /><testcase classname="backend.tests.test_iter23_sec002_complete.TestRegressionUngated" name="test_events_post_write_open" time="0.160" /><testcase classname="backend.tests.test_iter23_sec002_complete.TestRegressionUngated" name="test_recovery_trigger_open" time="0.382" /><testcase classname="backend.tests.test_iter23_sec002_complete.TestRegressionUngated" name="test_family_create_join_status_open" time="2.222" /><testcase classname="backend.tests.test_iter23_sec002_complete.TestRegressionUngated" name="test_verify_access_and_recovery_open" time="0.841" /><testcase classname="backend.tests.test_iter23_sec002_complete.TestRegressionUngated" name="test_setup_open_reconfigure" time="0.602" /><testcase classname="backend.tests.test_iter23_sec002_complete.TestPreviouslyGatedStillEnforced" name="test_get_no_token_401[/vault/list-params0]" time="0.153" /><testcase classname="backend.tests.test_iter23_sec002_complete.TestPreviouslyGatedStillEnforced" name="test_get_no_token_401[/events-params1]" time="0.173" /><testcase classname="backend.tests.test_iter23_sec002_complete.TestPreviouslyGatedStillEnforced" name="test_get_no_token_401[/decoy/profile-params2]" time="0.150" /><testcase classname="backend.tests.test_iter23_sec002_complete.TestPreviouslyGatedStillEnforced" name="test_get_no_token_401[/recovery/location-params3]" time="0.167" /></testsuite></testsuites>