<?xml version="1.0" encoding="utf-8"?><testsuites name="pytest tests"><testsuite name="pytest" errors="0" failures="0" skipped="0" tests="10" time="6.658" timestamp="2026-08-29T19:57:19.556227+00:00" hostname="agent-env-57fd9233-8801-4179-be7a-501804bf0881"><testcase classname="backend.tests.test_iter18_regression" name="test_setup_success" time="1.070" /><testcase classname="backend.tests.test_iter18_regression" name="test_verify_access_correct" time="0.405" /><testcase classname="backend.tests.test_iter18_regression" name="test_verify_access_wrong" time="0.426" /><testcase classname="backend.tests.test_iter18_regression" name="test_family_create_returns_6char_uppercase_code" time="0.177" /><testcase classname="backend.tests.test_iter18_regression" name="test_telemetry_then_status_has_numeric_trust_score" time="0.407" /><testcase classname="backend.tests.test_iter18_regression" name="test_privacy_scan_no_error" time="0.211" /><testcase classname="backend.tests.test_iter18_regression" name="test_ai_insights" time="2.593" /><testcase classname="backend.tests.test_iter18_regression" name="test_vault_add_list_item_delete" time="0.801" /><testcase classname="backend.tests.test_iter18_regression" name="test_intelligence_briefing_no_500" time="0.275" /><testcase classname="backend.tests.test_iter18_regression" name="test_voice_process_no_500" time="0.183" /></testsuite></testsuites>