<?xml version="1.0" encoding="utf-8"?><testsuites name="pytest tests"><testsuite name="pytest" errors="0" failures="0" skipped="0" tests="9" time="6.653" timestamp="2026-06-15T01:32:03.353612+00:00" hostname="agent-env-57fd9233-8801-4179-be7a-501804bf0881"><testcase classname="backend.tests.test_stage1_iter17.TestReviewFolder" name="test_add_review_item_appears_only_in_review_list" time="2.410" /><testcase classname="backend.tests.test_stage1_iter17.TestReviewFolder" name="test_add_vault_item_default_in_vault_only" time="0.448" /><testcase classname="backend.tests.test_stage1_iter17.TestReviewFolder" name="test_approve_moves_review_item_to_vault" time="0.620" /><testcase classname="backend.tests.test_stage1_iter17.TestReviewFolder" name="test_reject_deletes_review_item" time="0.537" /><testcase classname="backend.tests.test_stage1_iter17.TestSetupRecoveryContact" name="test_setup_with_recovery_email_reports_has_email" time="0.764" /><testcase classname="backend.tests.test_stage1_iter17.TestSetupRecoveryContact" name="test_setup_with_trusted_number_reports_in_status" time="0.730" /><testcase classname="backend.tests.test_stage1_iter17.TestWrongCodeEvent" name="test_post_repeated_wrong_event" time="0.245" /><testcase classname="backend.tests.test_stage1_iter17.TestVerifyAccessUnlock" name="test_verify_access_with_correct_code" time="0.383" /><testcase classname="backend.tests.test_stage1_iter17.TestVerifyAccessUnlock" name="test_verify_access_with_wrong_code" time="0.362" /></testsuite></testsuites>