<?xml version="1.0" encoding="utf-8"?><testsuites name="pytest tests"><testsuite name="pytest" errors="0" failures="0" skipped="0" tests="14" time="12.095" timestamp="2026-06-13T10:00:04.079641+00:00" hostname="agent-env-57fd9233-8801-4179-be7a-501804bf0881"><testcase classname="backend.tests.test_setup_vault_iter13.TestSimplifiedSetup" name="test_setup_minimal_ok" time="2.096" /><testcase classname="backend.tests.test_setup_vault_iter13.TestSimplifiedSetup" name="test_setup_access_too_short" time="0.150" /><testcase classname="backend.tests.test_setup_vault_iter13.TestSimplifiedSetup" name="test_setup_recovery_too_short" time="0.164" /><testcase classname="backend.tests.test_setup_vault_iter13.TestSimplifiedSetup" name="test_setup_access_equals_recovery" time="0.149" /><testcase classname="backend.tests.test_setup_vault_iter13.TestWipeFallback" name="test_wipe_with_recovery_code" time="0.943" /><testcase classname="backend.tests.test_setup_vault_iter13.TestWipeFallback" name="test_wipe_wrong_code_forbidden" time="1.010" /><testcase classname="backend.tests.test_setup_vault_iter13.TestWipeFallback" name="test_wipe_without_confirm" time="1.002" /><testcase classname="backend.tests.test_setup_vault_iter13.TestVault" name="test_add_note_no_content_in_response" time="0.800" /><testcase classname="backend.tests.test_setup_vault_iter13.TestVault" name="test_add_photo_data_url" time="0.713" /><testcase classname="backend.tests.test_setup_vault_iter13.TestVault" name="test_list_excludes_content" time="0.839" /><testcase classname="backend.tests.test_setup_vault_iter13.TestVault" name="test_item_returns_content" time="0.833" /><testcase classname="backend.tests.test_setup_vault_iter13.TestVault" name="test_delete_item" time="0.956" /><testcase classname="backend.tests.test_setup_vault_iter13.TestVault" name="test_oversize_returns_413" time="1.017" /><testcase classname="backend.tests.test_setup_vault_iter13.TestVault" name="test_wipe_clears_vault" time="1.298" /></testsuite></testsuites>