<?xml version="1.0" encoding="utf-8"?><testsuites name="pytest tests"><testsuite name="pytest" errors="0" failures="0" skipped="0" tests="17" time="16.372" timestamp="2026-08-29T21:05:47.254824+00:00" hostname="agent-env-57fd9233-8801-4179-be7a-501804bf0881"><testcase classname="backend.tests.test_sec005_family_role" name="test_creator_is_parent_and_sees_code" time="4.973" /><testcase classname="backend.tests.test_sec005_family_role" name="test_join_as_parent_is_coerced_to_child" time="0.264" /><testcase classname="backend.tests.test_sec005_family_role" name="test_joiner_status_role_child_no_code" time="0.209" /><testcase classname="backend.tests.test_sec005_family_role" name="test_parent_members_view" time="0.197" /><testcase classname="backend.tests.test_sec005_family_role" name="test_child_members_view_hides_parent" time="0.189" /><testcase classname="backend.tests.test_sec005_family_role" name="test_join_as_teen_is_allowed" time="1.072" /><testcase classname="backend.tests.test_sec005_family_role" name="test_join_bogus_role_defaults_to_child" time="1.063" /><testcase classname="backend.tests.test_iter18_regression" name="test_setup_success" time="0.873" /><testcase classname="backend.tests.test_iter18_regression" name="test_verify_access_correct" time="0.434" /><testcase classname="backend.tests.test_iter18_regression" name="test_verify_access_wrong" time="0.433" /><testcase classname="backend.tests.test_iter18_regression" name="test_family_create_returns_6char_uppercase_code" time="0.182" /><testcase classname="backend.tests.test_iter18_regression" name="test_telemetry_then_status_has_numeric_trust_score" time="0.378" /><testcase classname="backend.tests.test_iter18_regression" name="test_privacy_scan_no_error" time="0.223" /><testcase classname="backend.tests.test_iter18_regression" name="test_ai_insights" time="4.550" /><testcase classname="backend.tests.test_iter18_regression" name="test_vault_add_list_item_delete" time="0.790" /><testcase classname="backend.tests.test_iter18_regression" name="test_intelligence_briefing_no_500" time="0.221" /><testcase classname="backend.tests.test_iter18_regression" name="test_voice_process_no_500" time="0.195" /></testsuite></testsuites>