<?xml version="1.0" encoding="utf-8"?><testsuites name="pytest tests"><testsuite name="pytest" errors="0" failures="0" skipped="0" tests="45" time="18.366" timestamp="2026-08-29T21:30:19.598118+00:00" hostname="agent-env-57fd9233-8801-4179-be7a-501804bf0881"><testcase classname="backend.tests.test_sec002_session_auth.TestTokenIssuance" name="test_verify_access_correct_returns_token" time="4.052" /><testcase classname="backend.tests.test_sec002_session_auth.TestTokenIssuance" name="test_verify_access_wrong_returns_null_token" time="0.393" /><testcase classname="backend.tests.test_sec002_session_auth.TestTokenIssuance" name="test_verify_recovery_correct_returns_token" time="0.374" /><testcase classname="backend.tests.test_sec002_session_auth.TestTokenIssuance" name="test_verify_recovery_wrong_no_token" time="0.409" /><testcase classname="backend.tests.test_sec002_session_auth.TestGatedNoToken" name="test_missing_token_401[GET-/vault/list-params0-None]" time="0.209" /><testcase classname="backend.tests.test_sec002_session_auth.TestGatedNoToken" name="test_missing_token_401[GET-/vault/item-params1-None]" time="0.210" /><testcase classname="backend.tests.test_sec002_session_auth.TestGatedNoToken" name="test_missing_token_401[POST-/vault/add-None-body2]" time="0.183" /><testcase classname="backend.tests.test_sec002_session_auth.TestGatedNoToken" name="test_missing_token_401[POST-/vault/approve-None-body3]" time="0.270" /><testcase classname="backend.tests.test_sec002_session_auth.TestGatedNoToken" name="test_missing_token_401[DELETE-/vault/item-params4-None]" time="0.159" /><testcase classname="backend.tests.test_sec002_session_auth.TestGatedNoToken" name="test_missing_token_401[GET-/events-params5-None]" time="0.155" /><testcase classname="backend.tests.test_sec002_session_auth.TestGatedNoToken" name="test_missing_token_401[DELETE-/events-params6-None]" time="0.195" /><testcase classname="backend.tests.test_sec002_session_auth.TestGatedNoToken" name="test_missing_token_401[GET-/decoy/profile-params7-None]" time="0.175" /><testcase classname="backend.tests.test_sec002_session_auth.TestGatedNoToken" name="test_missing_token_401[POST-/decoy/profile-None-body8]" time="0.224" /><testcase classname="backend.tests.test_sec002_session_auth.TestGatedNoToken" name="test_missing_token_401[GET-/recovery/location-params9-None]" time="0.156" /><testcase classname="backend.tests.test_sec002_session_auth.TestGatedNoToken" name="test_bad_token_401[GET-/vault/list-params0-None]" time="0.189" /><testcase classname="backend.tests.test_sec002_session_auth.TestGatedNoToken" name="test_bad_token_401[GET-/vault/item-params1-None]" time="0.261" /><testcase classname="backend.tests.test_sec002_session_auth.TestGatedNoToken" name="test_bad_token_401[POST-/vault/add-None-body2]" time="0.179" /><testcase classname="backend.tests.test_sec002_session_auth.TestGatedNoToken" name="test_bad_token_401[POST-/vault/approve-None-body3]" time="0.208" /><testcase classname="backend.tests.test_sec002_session_auth.TestGatedNoToken" name="test_bad_token_401[DELETE-/vault/item-params4-None]" time="0.187" /><testcase classname="backend.tests.test_sec002_session_auth.TestGatedNoToken" name="test_bad_token_401[GET-/events-params5-None]" time="0.156" /><testcase classname="backend.tests.test_sec002_session_auth.TestGatedNoToken" name="test_bad_token_401[DELETE-/events-params6-None]" time="0.202" /><testcase classname="backend.tests.test_sec002_session_auth.TestGatedNoToken" name="test_bad_token_401[GET-/decoy/profile-params7-None]" time="0.187" /><testcase classname="backend.tests.test_sec002_session_auth.TestGatedNoToken" name="test_bad_token_401[POST-/decoy/profile-None-body8]" time="0.158" /><testcase classname="backend.tests.test_sec002_session_auth.TestGatedNoToken" name="test_bad_token_401[GET-/recovery/location-params9-None]" time="0.187" /><testcase classname="backend.tests.test_sec002_session_auth.TestCrossDeviceRejection" name="test_token_a_on_device_b_rejected[GET-/vault/list-params0-None]" time="1.212" /><testcase classname="backend.tests.test_sec002_session_auth.TestCrossDeviceRejection" name="test_token_a_on_device_b_rejected[GET-/vault/item-params1-None]" time="0.218" /><testcase classname="backend.tests.test_sec002_session_auth.TestCrossDeviceRejection" name="test_token_a_on_device_b_rejected[POST-/vault/add-None-body2]" time="0.159" /><testcase classname="backend.tests.test_sec002_session_auth.TestCrossDeviceRejection" name="test_token_a_on_device_b_rejected[POST-/vault/approve-None-body3]" time="0.164" /><testcase classname="backend.tests.test_sec002_session_auth.TestCrossDeviceRejection" name="test_token_a_on_device_b_rejected[DELETE-/vault/item-params4-None]" time="0.152" /><testcase classname="backend.tests.test_sec002_session_auth.TestCrossDeviceRejection" name="test_token_a_on_device_b_rejected[GET-/events-params5-None]" time="0.185" /><testcase classname="backend.tests.test_sec002_session_auth.TestCrossDeviceRejection" name="test_token_a_on_device_b_rejected[DELETE-/events-params6-None]" time="0.194" /><testcase classname="backend.tests.test_sec002_session_auth.TestCrossDeviceRejection" name="test_token_a_on_device_b_rejected[GET-/decoy/profile-params7-None]" time="0.173" /><testcase classname="backend.tests.test_sec002_session_auth.TestCrossDeviceRejection" name="test_token_a_on_device_b_rejected[POST-/decoy/profile-None-body8]" time="0.182" /><testcase classname="backend.tests.test_sec002_session_auth.TestCrossDeviceRejection" name="test_token_a_on_device_b_rejected[GET-/recovery/location-params9-None]" time="0.174" /><testcase classname="backend.tests.test_sec002_session_auth.TestGatedWithValidToken" name="test_full_vault_flow" time="0.819" /><testcase classname="backend.tests.test_sec002_session_auth.TestGatedWithValidToken" name="test_events_list_and_clear" time="0.177" /><testcase classname="backend.tests.test_sec002_session_auth.TestGatedWithValidToken" name="test_decoy_profile_read_write" time="0.290" /><testcase classname="backend.tests.test_sec002_session_auth.TestGatedWithValidToken" name="test_recovery_location" time="0.178" /><testcase classname="backend.tests.test_sec002_session_auth.TestRegressionUngated" name="test_setup_status_open" time="0.175" /><testcase classname="backend.tests.test_sec002_session_auth.TestRegressionUngated" name="test_status_open" time="0.221" /><testcase classname="backend.tests.test_sec002_session_auth.TestRegressionUngated" name="test_telemetry_open" time="0.165" /><testcase classname="backend.tests.test_sec002_session_auth.TestRegressionUngated" name="test_events_write_open" time="0.189" /><testcase classname="backend.tests.test_sec002_session_auth.TestRegressionUngated" name="test_recovery_trigger_open" time="0.586" /><testcase classname="backend.tests.test_sec002_session_auth.TestRegressionUngated" name="test_family_create_and_status_open" time="1.026" /><testcase classname="backend.tests.test_sec002_session_auth" name="test_zzz_cleanup" time="2.451" /></testsuite></testsuites>