<?xml version="1.0" encoding="utf-8"?><testsuites name="pytest tests"><testsuite name="pytest" errors="0" failures="0" skipped="0" tests="17" time="2.202" timestamp="2026-06-10T14:05:35.976882+00:00" hostname="agent-env-57fd9233-8801-4179-be7a-501804bf0881"><testcase classname="backend.tests.test_security_engine.TestTraining" name="test_train_baseline_with_8_samples" time="0.631" /><testcase classname="backend.tests.test_security_engine.TestTraining" name="test_status_after_training" time="0.057" /><testcase classname="backend.tests.test_security_engine.TestTraining" name="test_telemetry_rejects_empty_features" time="0.047" /><testcase classname="backend.tests.test_security_engine.TestScoring" name="test_score_owner_high_trust" time="0.064" /><testcase classname="backend.tests.test_security_engine.TestScoring" name="test_score_is_deterministic" time="0.108" /><testcase classname="backend.tests.test_security_engine.TestScoring" name="test_score_intruder_low_trust_and_trap" time="0.062" /><testcase classname="backend.tests.test_security_engine.TestScoring" name="test_intruder_logs_critical_event" time="0.051" /><testcase classname="backend.tests.test_security_engine.TestRecovery" name="test_lock" time="0.105" /><testcase classname="backend.tests.test_security_engine.TestRecovery" name="test_wipe_without_owner_code_403" time="0.051" /><testcase classname="backend.tests.test_security_engine.TestRecovery" name="test_wipe_with_code_but_no_confirm_400" time="0.048" /><testcase classname="backend.tests.test_security_engine.TestRecovery" name="test_wipe_with_code_and_confirm" time="0.113" /><testcase classname="backend.tests.test_security_engine.TestRecovery" name="test_unlock_with_owner_code" time="0.115" /><testcase classname="backend.tests.test_security_engine.TestRecovery" name="test_unlock_wrong_code_403" time="0.048" /><testcase classname="backend.tests.test_security_engine.TestLocate" name="test_locate_stores_location" time="0.053" /><testcase classname="backend.tests.test_security_engine.TestLocate" name="test_get_location" time="0.055" /><testcase classname="backend.tests.test_security_engine.TestTrap" name="test_trap_deactivate_wrong_code_403" time="0.053" /><testcase classname="backend.tests.test_security_engine.TestTrap" name="test_trap_activate_and_deactivate" time="0.385" /></testsuite></testsuites>