<?xml version="1.0" encoding="utf-8"?><testsuites name="pytest tests"><testsuite name="pytest" errors="0" failures="0" skipped="0" tests="24" time="6.857" timestamp="2026-06-10T21:43:34.658785+00:00" hostname="agent-env-57fd9233-8801-4179-be7a-501804bf0881"><testcase classname="backend.tests.test_security_engine.TestTraining" name="test_train_baseline_with_8_samples" time="1.019" /><testcase classname="backend.tests.test_security_engine.TestTraining" name="test_status_after_training" time="0.062" /><testcase classname="backend.tests.test_security_engine.TestTraining" name="test_telemetry_rejects_empty_features" time="0.065" /><testcase classname="backend.tests.test_security_engine.TestScoring" name="test_score_owner_high_trust" time="0.058" /><testcase classname="backend.tests.test_security_engine.TestScoring" name="test_score_is_deterministic" time="0.137" /><testcase classname="backend.tests.test_security_engine.TestScoring" name="test_score_intruder_low_trust_and_trap" time="0.121" /><testcase classname="backend.tests.test_security_engine.TestScoring" name="test_intruder_logs_critical_event" time="0.058" /><testcase classname="backend.tests.test_security_engine.TestRecovery" name="test_lock" time="0.120" /><testcase classname="backend.tests.test_security_engine.TestRecovery" name="test_wipe_without_owner_code_403" time="0.058" /><testcase classname="backend.tests.test_security_engine.TestRecovery" name="test_wipe_with_code_but_no_confirm_400" time="0.070" /><testcase classname="backend.tests.test_security_engine.TestRecovery" name="test_wipe_with_code_and_confirm" time="0.123" /><testcase classname="backend.tests.test_security_engine.TestRecovery" name="test_unlock_with_owner_code" time="0.110" /><testcase classname="backend.tests.test_security_engine.TestRecovery" name="test_unlock_wrong_code_403" time="0.071" /><testcase classname="backend.tests.test_security_engine.TestLocate" name="test_locate_stores_location" time="0.062" /><testcase classname="backend.tests.test_security_engine.TestLocate" name="test_get_location" time="0.057" /><testcase classname="backend.tests.test_security_engine.TestTrap" name="test_trap_deactivate_wrong_code_403" time="0.057" /><testcase classname="backend.tests.test_security_engine.TestTrap" name="test_trap_activate_and_deactivate" time="0.507" /><testcase classname="backend.tests.test_security_escalation.TestTrapEscalation" name="test_level1_first_intruder_score" time="0.700" /><testcase classname="backend.tests.test_security_escalation.TestTrapEscalation" name="test_level2_second_intruder_score" time="0.332" /><testcase classname="backend.tests.test_security_escalation.TestTrapEscalation" name="test_level3_third_intruder_score_locks_device" time="0.181" /><testcase classname="backend.tests.test_security_escalation.TestTrapEscalation" name="test_owner_score_resets_streak" time="0.054" /><testcase classname="backend.tests.test_security_escalation.TestEvidencePhoto" name="test_post_photo_creates_event" time="0.289" /><testcase classname="backend.tests.test_security_escalation.TestPanic" name="test_panic_locks_and_alerts" time="0.451" /><testcase classname="backend.tests.test_security_escalation.TestAlerts" name="test_alerts_shape" time="1.967" /></testsuite></testsuites>