<?xml version="1.0" encoding="utf-8"?><testsuites name="pytest tests"><testsuite name="pytest" errors="0" failures="1" skipped="0" tests="29" time="22.858" timestamp="2026-06-11T02:43:58.515751+00:00" hostname="agent-env-57fd9233-8801-4179-be7a-501804bf0881"><testcase classname="backend.tests.test_security_setup_privacy.TestNoDefaults" name="test_fresh_device_not_configured" time="1.980" /><testcase classname="backend.tests.test_security_setup_privacy.TestNoDefaults" name="test_legacy_default_15987_blocked" time="0.274" /><testcase classname="backend.tests.test_security_setup_privacy.TestSetupValidation" name="test_empty_trusted_400" time="0.203" /><testcase classname="backend.tests.test_security_setup_privacy.TestSetupValidation" name="test_short_access_400" time="0.225" /><testcase classname="backend.tests.test_security_setup_privacy.TestSetupValidation" name="test_short_recovery_400" time="0.207" /><testcase classname="backend.tests.test_security_setup_privacy.TestSetupValidation" name="test_short_wipe_400" time="0.208" /><testcase classname="backend.tests.test_security_setup_privacy.TestSetupValidation" name="test_duplicate_codes_400" time="0.198" /><testcase classname="backend.tests.test_security_setup_privacy.TestSetupValidation" name="test_short_phrase_400" time="0.180" /><testcase classname="backend.tests.test_security_setup_privacy.TestSetupValidation" name="test_setup_ok_and_status" time="1.369" /><testcase classname="backend.tests.test_security_setup_privacy.TestVerifyCodes" name="test_access_correct" time="1.483" /><testcase classname="backend.tests.test_security_setup_privacy.TestVerifyCodes" name="test_access_recovery_does_not_open" time="0.282" /><testcase classname="backend.tests.test_security_setup_privacy.TestVerifyCodes" name="test_access_wipe_does_not_open" time="0.279" /><testcase classname="backend.tests.test_security_setup_privacy.TestVerifyCodes" name="test_verify_recovery_correct" time="0.281" /><testcase classname="backend.tests.test_security_setup_privacy.TestVerifyCodes" name="test_verify_recovery_wrong" time="0.445" /><testcase classname="backend.tests.test_security_setup_privacy.TestDestructiveGuarded" name="test_unlock_wipe_code_fails" time="1.493" /><testcase classname="backend.tests.test_security_setup_privacy.TestDestructiveGuarded" name="test_unlock_recovery_code_ok" time="0.283" /><testcase classname="backend.tests.test_security_setup_privacy.TestDestructiveGuarded" name="test_trap_deactivate_recovery_ok" time="0.288" /><testcase classname="backend.tests.test_security_setup_privacy.TestDestructiveGuarded" name="test_emergency_verify_recovery" time="0.279" /><testcase classname="backend.tests.test_security_setup_privacy.TestDestructiveGuarded" name="test_emergency_verify_access_false" time="0.282" /><testcase classname="backend.tests.test_security_setup_privacy.TestDestructiveGuarded" name="test_wipe_requires_wipe_code_recovery_403" time="0.285" /><testcase classname="backend.tests.test_security_setup_privacy.TestDestructiveGuarded" name="test_wipe_access_403" time="0.283" /><testcase classname="backend.tests.test_security_setup_privacy.TestDestructiveGuarded" name="test_wipe_missing_confirm_400" time="0.305" /><testcase classname="backend.tests.test_security_setup_privacy.TestDestructiveGuarded" name="test_wipe_ok" time="0.418" /><testcase classname="backend.tests.test_security_setup_privacy.TestBcryptAtRest" name="test_hashes_are_bcrypt" time="1.310"><failure message="KeyError: 'MONGO_URL'">backend/tests/test_security_setup_privacy.py:177: in test_hashes_are_bcrypt
    client = MongoClient(os.environ["MONGO_URL"])
                         ^^^^^^^^^^^^^^^^^^^^^^^
&lt;frozen os&gt;:679: in __getitem__
    ???
E   KeyError: 'MONGO_URL'</failure></testcase><testcase classname="backend.tests.test_security_setup_privacy.TestBatch5Specific" name="test_profiles_add_requires_recovery" time="2.966" /><testcase classname="backend.tests.test_security_setup_privacy.TestBatch5Specific" name="test_recovery_trigger_phrase_pattern_code" time="3.767" /><testcase classname="backend.tests.test_security_setup_privacy.TestBatch5Specific" name="test_evidence_photo_battery" time="1.410" /><testcase classname="backend.tests.test_security_setup_privacy.TestBatch5Specific" name="test_new_device_event_on_first_telemetry" time="0.298" /><testcase classname="backend.tests.test_security_setup_privacy.TestBatch5Specific" name="test_cover_app_stored" time="1.386" /></testsuite></testsuites>