<?xml version="1.0" encoding="utf-8"?><testsuites name="pytest tests"><testsuite name="pytest" errors="0" failures="1" skipped="0" tests="25" time="9.835" timestamp="2026-06-10T23:34:03.542226+00:00" hostname="agent-env-57fd9233-8801-4179-be7a-501804bf0881"><testcase classname="backend.tests.test_security_setup_privacy.TestNoDefaults" name="test_fresh_device_not_configured" time="0.572" /><testcase classname="backend.tests.test_security_setup_privacy.TestNoDefaults" name="test_old_default_15987_blocked_before_setup" time="0.348" /><testcase classname="backend.tests.test_security_setup_privacy.TestSetupValidation" name="test_setup_empty_trusted_numbers_400" time="0.197" /><testcase classname="backend.tests.test_security_setup_privacy.TestSetupValidation" name="test_setup_vault_non_numeric_400" time="0.179" /><testcase classname="backend.tests.test_security_setup_privacy.TestSetupValidation" name="test_setup_vault_too_short_400" time="0.188" /><testcase classname="backend.tests.test_security_setup_privacy.TestSetupValidation" name="test_setup_recovery_too_short_400" time="0.177" /><testcase classname="backend.tests.test_security_setup_privacy.TestSetupValidation" name="test_setup_valid_configures_device" time="0.698" /><testcase classname="backend.tests.test_security_setup_privacy.TestVerifyCodes" name="test_verify_recovery_wrong" time="0.794" /><testcase classname="backend.tests.test_security_setup_privacy.TestVerifyCodes" name="test_verify_recovery_correct" time="0.285" /><testcase classname="backend.tests.test_security_setup_privacy.TestVerifyCodes" name="test_verify_vault_correct" time="0.281" /><testcase classname="backend.tests.test_security_setup_privacy.TestVerifyCodes" name="test_verify_vault_wrong" time="0.418" /><testcase classname="backend.tests.test_security_setup_privacy.TestDestructiveGuarded" name="test_unlock_wrong_code_403" time="0.808" /><testcase classname="backend.tests.test_security_setup_privacy.TestDestructiveGuarded" name="test_unlock_correct_code_ok" time="0.279" /><testcase classname="backend.tests.test_security_setup_privacy.TestDestructiveGuarded" name="test_trap_deactivate_wrong_403" time="0.280" /><testcase classname="backend.tests.test_security_setup_privacy.TestDestructiveGuarded" name="test_trap_deactivate_correct_ok" time="0.291" /><testcase classname="backend.tests.test_security_setup_privacy.TestDestructiveGuarded" name="test_emergency_verify_wrong" time="0.284" /><testcase classname="backend.tests.test_security_setup_privacy.TestDestructiveGuarded" name="test_emergency_verify_correct" time="0.279" /><testcase classname="backend.tests.test_security_setup_privacy.TestDestructiveGuarded" name="test_wipe_missing_confirm_400" time="0.277" /><testcase classname="backend.tests.test_security_setup_privacy.TestDestructiveGuarded" name="test_wipe_wrong_code_403" time="0.278" /><testcase classname="backend.tests.test_security_setup_privacy.TestDestructiveGuarded" name="test_wipe_ok_with_code_and_confirm" time="0.439" /><testcase classname="backend.tests.test_security_setup_privacy.TestBcryptAtRest" name="test_recovery_hash_is_bcrypt_not_plaintext" time="0.626"><failure message="pymongo.errors.InvalidURI: Invalid URI scheme: URI must begin with 'mongodb://' or 'mongodb+srv://'">backend/tests/test_security_setup_privacy.py:231: in test_recovery_hash_is_bcrypt_not_plaintext
    cfg = asyncio.get_event_loop().run_until_complete(_check())
          ^^^^^^^^^^^^^^^^^^^^^^^^^^^^^^^^^^^^^^^^^^^^^^^^^^^^^
/usr/local/lib/python3.11/asyncio/base_events.py:654: in run_until_complete
    return future.result()
           ^^^^^^^^^^^^^^^
backend/tests/test_security_setup_privacy.py:225: in _check
    client = AsyncIOMotorClient(os.environ["MONGO_URL"])
             ^^^^^^^^^^^^^^^^^^^^^^^^^^^^^^^^^^^^^^^^^^^
/root/.venv/lib/python3.11/site-packages/motor/core.py:163: in __init__
    delegate = self.__delegate_class__(*args, **kwargs)
               ^^^^^^^^^^^^^^^^^^^^^^^^^^^^^^^^^^^^^^^^
/root/.venv/lib/python3.11/site-packages/pymongo/mongo_client.py:766: in __init__
    res = uri_parser.parse_uri(
/root/.venv/lib/python3.11/site-packages/pymongo/uri_parser.py:496: in parse_uri
    raise InvalidURI(f"Invalid URI scheme: URI must begin with '{SCHEME}' or '{SRV_SCHEME}'")
E   pymongo.errors.InvalidURI: Invalid URI scheme: URI must begin with 'mongodb://' or 'mongodb+srv://'</failure></testcase><testcase classname="backend.tests.test_security_setup_privacy.TestPrivacyScan" name="test_scan_structure_and_counts" time="0.568" /><testcase classname="backend.tests.test_security_setup_privacy.TestPrivacyScan" name="test_scan_microphone_denied_marks_review" time="0.055" /><testcase classname="backend.tests.test_security_setup_privacy.TestPrivacyScan" name="test_scan_no_lawful_interception_claim" time="0.052" /><testcase classname="backend.tests.test_security_setup_privacy.TestPrivacyScan" name="test_sim_change_makes_overall_high_risk" time="0.917" /></testsuite></testsuites>